{"name": "test_CredKart_Login_002", "status": "broken", "statusDetails": {"message": "selenium.common.exceptions.NoSuchElementException: Message: no such element: Unable to locate element: {\"method\":\"css selector\",\"selector\":\"[id=\"btn\"]\"}\n  (Session info: chrome=137.0.7151.104); For documentation on this error, please visit: https://www.selenium.dev/documentation/webdriver/troubleshooting/errors#no-such-element-exception\nStacktrace:\n\tGetHandleVerifier [0x0x7ff60275fea5+79173]\n\tGetHandleVerifier [0x0x7ff60275ff00+79264]\n\t(No symbol) [0x0x7ff602519e5a]\n\t(No symbol) [0x0x7ff602570586]\n\t(No symbol) [0x0x7ff60257083c]\n\t(No symbol) [0x0x7ff6025c4247]\n\t(No symbol) [0x0x7ff6025989af]\n\t(No symbol) [0x0x7ff6025c100d]\n\t(No symbol) [0x0x7ff602598743]\n\t(No symbol) [0x0x7ff6025614c1]\n\t(No symbol) [0x0x7ff602562253]\n\tGetHandleVerifier [0x0x7ff602a2a2dd+3004797]\n\tGetHandleVerifier [0x0x7ff602a2472d+2981325]\n\tGetHandleVerifier [0x0x7ff602a43380+3107360]\n\tGetHandleVerifier [0x0x7ff60277aa2e+188622]\n\tGetHandleVerifier [0x0x7ff6027822bf+219487]\n\tGetHandleVerifier [0x0x7ff602768df4+115860]\n\tGetHandleVerifier [0x0x7ff602768fa9+116297]\n\tGetHandleVerifier [0x0x7ff60274f558+11256]\n\tBaseThreadInitThunk [0x0x7ffe4149259d+29]\n\tRtlUserThreadStart [0x0x7ffe42d2af78+40]", "trace": "self = <testcases.test_CredKart_user_profile.Test001 object at 0x0000021BFA4E56D0>\ndriver_setup = <selenium.webdriver.chrome.webdriver.WebDriver (session=\"95491e7e44602ade9bee2fa27f146a4c\")>\n\n    def test_CredKart_Login_002(self ,driver_setup):\n        driver =driver_setup\n        driver.get(\"https://automation.credence.in/login\")\n        self.lp = Login_Page_Class(driver)\n    \n        self.lp.Enter_Email(\"Credencejune01@credence.in\")\n        self.lp.Enter_Password(\"Credence@123\")\n>       self.lp.click_button_login()\n\ntestcases\\test_CredKart_user_profile.py:29: \n_ _ _ _ _ _ _ _ _ _ _ _ _ _ _ _ _ _ _ _ _ _ _ _ _ _ _ _ _ _ _ _ _ _ _ _ _ _ _ _\npageObjects\\login_page.py:29: in click_button_login\n    self.driver.find_element(By.ID,self.button_login_class).click()\n    ^^^^^^^^^^^^^^^^^^^^^^^^^^^^^^^^^^^^^^^^^^^^^^^^^^^^^^^\n.venv\\Lib\\site-packages\\selenium\\webdriver\\remote\\webdriver.py:914: in find_element\n    return self.execute(Command.FIND_ELEMENT, {\"using\": by, \"value\": value})[\"value\"]\n           ^^^^^^^^^^^^^^^^^^^^^^^^^^^^^^^^^^^^^^^^^^^^^^^^^^^^^^^^^^^^^^^^^\n.venv\\Lib\\site-packages\\selenium\\webdriver\\remote\\webdriver.py:447: in execute\n    self.error_handler.check_response(response)\n_ _ _ _ _ _ _ _ _ _ _ _ _ _ _ _ _ _ _ _ _ _ _ _ _ _ _ _ _ _ _ _ _ _ _ _ _ _ _ _\n\nself = <selenium.webdriver.remote.errorhandler.ErrorHandler object at 0x0000021BFA53E270>\nresponse = {'status': 404, 'value': '{\"value\":{\"error\":\"no such element\",\"message\":\"no such element: Unable to locate element: {\\...ff60274f558+11256]\\\\n\\\\tBaseThreadInitThunk [0x0x7ffe4149259d+29]\\\\n\\\\tRtlUserThreadStart [0x0x7ffe42d2af78+40]\\\\n\"}}'}\n\n    def check_response(self, response: Dict[str, Any]) -> None:\n        \"\"\"Checks that a JSON response from the WebDriver does not have an\n        error.\n    \n        :Args:\n         - response - The JSON response from the WebDriver server as a dictionary\n           object.\n    \n        :Raises: If the response contains an error message.\n        \"\"\"\n        status = response.get(\"status\", None)\n        if not status or status == ErrorCode.SUCCESS:\n            return\n        value = None\n        message = response.get(\"message\", \"\")\n        screen: str = response.get(\"screen\", \"\")\n        stacktrace = None\n        if isinstance(status, int):\n            value_json = response.get(\"value\", None)\n            if value_json and isinstance(value_json, str):\n                import json\n    \n                try:\n                    value = json.loads(value_json)\n                    if len(value) == 1:\n                        value = value[\"value\"]\n                    status = value.get(\"error\", None)\n                    if not status:\n                        status = value.get(\"status\", ErrorCode.UNKNOWN_ERROR)\n                        message = value.get(\"value\") or value.get(\"message\")\n                        if not isinstance(message, str):\n                            value = message\n                            message = message.get(\"message\")\n                    else:\n                        message = value.get(\"message\", None)\n                except ValueError:\n                    pass\n    \n        exception_class: Type[WebDriverException]\n        e = ErrorCode()\n        error_codes = [item for item in dir(e) if not item.startswith(\"__\")]\n        for error_code in error_codes:\n            error_info = getattr(ErrorCode, error_code)\n            if isinstance(error_info, list) and status in error_info:\n                exception_class = getattr(ExceptionMapping, error_code, WebDriverException)\n                break\n        else:\n            exception_class = WebDriverException\n    \n        if not value:\n            value = response[\"value\"]\n        if isinstance(value, str):\n            raise exception_class(value)\n        if message == \"\" and \"message\" in value:\n            message = value[\"message\"]\n    \n        screen = None  # type: ignore[assignment]\n        if \"screen\" in value:\n            screen = value[\"screen\"]\n    \n        stacktrace = None\n        st_value = value.get(\"stackTrace\") or value.get(\"stacktrace\")\n        if st_value:\n            if isinstance(st_value, str):\n                stacktrace = st_value.split(\"\\n\")\n            else:\n                stacktrace = []\n                try:\n                    for frame in st_value:\n                        line = frame.get(\"lineNumber\", \"\")\n                        file = frame.get(\"fileName\", \"<anonymous>\")\n                        if line:\n                            file = f\"{file}:{line}\"\n                        meth = frame.get(\"methodName\", \"<anonymous>\")\n                        if \"className\" in frame:\n                            meth = f\"{frame['className']}.{meth}\"\n                        msg = \"    at %s (%s)\"\n                        msg = msg % (meth, file)\n                        stacktrace.append(msg)\n                except TypeError:\n                    pass\n        if exception_class == UnexpectedAlertPresentException:\n            alert_text = None\n            if \"data\" in value:\n                alert_text = value[\"data\"].get(\"text\")\n            elif \"alert\" in value:\n                alert_text = value[\"alert\"].get(\"text\")\n            raise exception_class(message, screen, stacktrace, alert_text)  # type: ignore[call-arg]  # mypy is not smart enough here\n>       raise exception_class(message, screen, stacktrace)\nE       selenium.common.exceptions.NoSuchElementException: Message: no such element: Unable to locate element: {\"method\":\"css selector\",\"selector\":\"[id=\"btn\"]\"}\nE         (Session info: chrome=137.0.7151.104); For documentation on this error, please visit: https://www.selenium.dev/documentation/webdriver/troubleshooting/errors#no-such-element-exception\nE       Stacktrace:\nE       \tGetHandleVerifier [0x0x7ff60275fea5+79173]\nE       \tGetHandleVerifier [0x0x7ff60275ff00+79264]\nE       \t(No symbol) [0x0x7ff602519e5a]\nE       \t(No symbol) [0x0x7ff602570586]\nE       \t(No symbol) [0x0x7ff60257083c]\nE       \t(No symbol) [0x0x7ff6025c4247]\nE       \t(No symbol) [0x0x7ff6025989af]\nE       \t(No symbol) [0x0x7ff6025c100d]\nE       \t(No symbol) [0x0x7ff602598743]\nE       \t(No symbol) [0x0x7ff6025614c1]\nE       \t(No symbol) [0x0x7ff602562253]\nE       \tGetHandleVerifier [0x0x7ff602a2a2dd+3004797]\nE       \tGetHandleVerifier [0x0x7ff602a2472d+2981325]\nE       \tGetHandleVerifier [0x0x7ff602a43380+3107360]\nE       \tGetHandleVerifier [0x0x7ff60277aa2e+188622]\nE       \tGetHandleVerifier [0x0x7ff6027822bf+219487]\nE       \tGetHandleVerifier [0x0x7ff602768df4+115860]\nE       \tGetHandleVerifier [0x0x7ff602768fa9+116297]\nE       \tGetHandleVerifier [0x0x7ff60274f558+11256]\nE       \tBaseThreadInitThunk [0x0x7ffe4149259d+29]\nE       \tRtlUserThreadStart [0x0x7ffe42d2af78+40]\n\n.venv\\Lib\\site-packages\\selenium\\webdriver\\remote\\errorhandler.py:232: NoSuchElementException"}, "start": 1750088298577, "stop": 1750088302455, "uuid": "91bd83ae-9d15-40b1-8e9f-008bee6ea682", "historyId": "bfc40aec91d28b8be8d2ef05d5eab58a", "testCaseId": "bfc40aec91d28b8be8d2ef05d5eab58a", "fullName": "testcases.test_CredKart_user_profile.Test001#test_CredKart_Login_002", "labels": [{"name": "parentSuite", "value": "testcases"}, {"name": "suite", "value": "test_CredKart_user_profile"}, {"name": "subSuite", "value": "Test001"}, {"name": "host", "value": "LAPTOP-TT7AAILB"}, {"name": "thread", "value": "16268-MainThread"}, {"name": "framework", "value": "pytest"}, {"name": "language", "value": "cpython3"}, {"name": "package", "value": "testcases.test_CredKart_user_profile"}]}